<?xml version="1.0" encoding="UTF-8"?>
<testng-results ignored="0" total="2" passed="2" failed="0" skipped="0">
  <reporter-output>
  </reporter-output>
  <suite started-at="2023-06-03T11:38:06 IST" name="Suite" finished-at="2023-06-03T11:38:11 IST" duration-ms="5535">
    <groups>
    </groups>
    <test started-at="2023-06-03T11:38:06 IST" name="Test_chrome" finished-at="2023-06-03T11:38:11 IST" duration-ms="4734">
      <class name="ParallelExecution.Para_exe">
        <test-method signature="test1(java.lang.String)[pri:0, instance:ParallelExecution.Para_exe@10163d6]" started-at="2023-06-03T11:38:06 IST" name="test1" finished-at="2023-06-03T11:38:10 IST" duration-ms="4702" status="PASS">
          <params>
            <param index="0">
              <value>
                <![CDATA[chrome]]>
              </value>
            </param>
          </params>
          <reporter-output>
          </reporter-output>
        </test-method> <!-- test1 -->
      </class> <!-- ParallelExecution.Para_exe -->
    </test> <!-- Test_chrome -->
    <test started-at="2023-06-03T11:38:06 IST" name="Test_firefox" finished-at="2023-06-03T11:38:11 IST" duration-ms="5535">
      <class name="ParallelExecution.Para_exe">
        <test-method signature="test1(java.lang.String)[pri:0, instance:ParallelExecution.Para_exe@3f6b0be5]" started-at="2023-06-03T11:38:06 IST" name="test1" finished-at="2023-06-03T11:38:11 IST" duration-ms="5509" status="PASS">
          <params>
            <param index="0">
              <value>
                <![CDATA[firefox]]>
              </value>
            </param>
          </params>
          <reporter-output>
          </reporter-output>
        </test-method> <!-- test1 -->
      </class> <!-- ParallelExecution.Para_exe -->
    </test> <!-- Test_firefox -->
  </suite> <!-- Suite -->
</testng-results>
